<?xml version="1.0" encoding="UTF-8" ?>
<testsuite tests="39" failures="0" name="com.evernote.runner.TestRunner" time="0.33" errors="2" skipped="1">
  <properties>
    <property name="java.runtime.name" value="Java(TM) SE Runtime Environment"/>
    <property name="sun.boot.library.path" value="C:\Program Files\Java\jdk1.8.0_131\jre\bin"/>
    <property name="java.vm.version" value="25.131-b11"/>
    <property name="java.vm.vendor" value="Oracle Corporation"/>
    <property name="maven.multiModuleProjectDirectory" value="C:\Users\Anirudh\workspace\Evernote"/>
    <property name="java.vendor.url" value="http://java.oracle.com/"/>
    <property name="path.separator" value=";"/>
    <property name="guice.disable.misplaced.annotation.check" value="true"/>
    <property name="java.vm.name" value="Java HotSpot(TM) 64-Bit Server VM"/>
    <property name="file.encoding.pkg" value="sun.io"/>
    <property name="user.script" value=""/>
    <property name="user.country" value="US"/>
    <property name="sun.java.launcher" value="SUN_STANDARD"/>
    <property name="sun.os.patch.level" value=""/>
    <property name="java.vm.specification.name" value="Java Virtual Machine Specification"/>
    <property name="user.dir" value="C:\Users\Anirudh\workspace\Evernote"/>
    <property name="java.runtime.version" value="1.8.0_131-b11"/>
    <property name="java.awt.graphicsenv" value="sun.awt.Win32GraphicsEnvironment"/>
    <property name="java.endorsed.dirs" value="C:\Program Files\Java\jdk1.8.0_131\jre\lib\endorsed"/>
    <property name="os.arch" value="amd64"/>
    <property name="java.io.tmpdir" value="C:\Users\Anirudh\AppData\Local\Temp\"/>
    <property name="line.separator" value="
"/>
    <property name="java.vm.specification.vendor" value="Oracle Corporation"/>
    <property name="user.variant" value=""/>
    <property name="os.name" value="Windows 10"/>
    <property name="classworlds.conf" value="C:\Users\Anirudh\workspace\.metadata\.plugins\org.eclipse.m2e.launching\launches\m2conf2013969424688065529.tmp"/>
    <property name="sun.jnu.encoding" value="Cp1252"/>
    <property name="java.library.path" value="C:\Program Files\Java\jdk1.8.0_131\jre\bin;C:\WINDOWS\Sun\Java\bin;C:\WINDOWS\system32;C:\WINDOWS;C:/Program Files/Java/jre1.8.0_131/bin/server;C:/Program Files/Java/jre1.8.0_131/bin;C:/Program Files/Java/jre1.8.0_131/lib/amd64;C:\Program Files (x86)\Intel\iCLS Client\;C:\Program Files\Intel\iCLS Client\;C:\ProgramData\Oracle\Java\javapath;C:\WINDOWS\system32;C:\WINDOWS;C:\WINDOWS\System32\Wbem;C:\WINDOWS\System32\WindowsPowerShell\v1.0\;C:\Program Files (x86)\Intel\Intel(R) Management Engine Components\DAL;C:\Program Files\Intel\Intel(R) Management Engine Components\DAL;C:\Program Files (x86)\Intel\Intel(R) Management Engine Components\IPT;C:\Program Files\Intel\Intel(R) Management Engine Components\IPT;C:\Gradle\gradle-3.5\bin;C:\Program Files\apache-maven-3.5.0-bin\apache-maven-3.5.0\bin;C:\Program Files (x86)\Smart Projects\IsoBuster;C:\Program Files\nodejs\;C:\Program Files\MySQL\MySQL Server 5.1\bin;C:\Users\Anirudh\AppData\Roaming\npm\;C:\Program Files\Git\cmd;C:\bin;C:\Program Files\php-7.1.11-nts-Win32-VC14-x64;C:\Users\Anirudh\AppData\Local\Microsoft\WindowsApps;C:\Users\Anirudh\AppData\Roaming\npm;C:\Users\Anirudh\Desktop;;."/>
    <property name="java.specification.name" value="Java Platform API Specification"/>
    <property name="java.class.version" value="52.0"/>
    <property name="sun.management.compiler" value="HotSpot 64-Bit Tiered Compilers"/>
    <property name="os.version" value="10.0"/>
    <property name="user.home" value="C:\Users\Anirudh"/>
    <property name="user.timezone" value="Asia/Calcutta"/>
    <property name="java.awt.printerjob" value="sun.awt.windows.WPrinterJob"/>
    <property name="java.specification.version" value="1.8"/>
    <property name="file.encoding" value="Cp1252"/>
    <property name="user.name" value="Anirudh"/>
    <property name="java.class.path" value="/C:/Users/Anirudh/eclipse/jee-neon/eclipse/../../../.p2/pool/plugins/org.eclipse.m2e.maven.runtime_1.7.0.20160603-1931/jars/plexus-classworlds-2.5.2.jar"/>
    <property name="java.vm.specification.version" value="1.8"/>
    <property name="sun.arch.data.model" value="64"/>
    <property name="java.home" value="C:\Program Files\Java\jdk1.8.0_131\jre"/>
    <property name="sun.java.command" value="org.codehaus.plexus.classworlds.launcher.Launcher -B clean verify"/>
    <property name="java.specification.vendor" value="Oracle Corporation"/>
    <property name="user.language" value="en"/>
    <property name="awt.toolkit" value="sun.awt.windows.WToolkit"/>
    <property name="java.vm.info" value="mixed mode"/>
    <property name="java.version" value="1.8.0_131"/>
    <property name="java.ext.dirs" value="C:\Program Files\Java\jdk1.8.0_131\jre\lib\ext;C:\WINDOWS\Sun\Java\lib\ext"/>
    <property name="sun.boot.class.path" value="C:\Program Files\Java\jdk1.8.0_131\jre\lib\resources.jar;C:\Program Files\Java\jdk1.8.0_131\jre\lib\rt.jar;C:\Program Files\Java\jdk1.8.0_131\jre\lib\sunrsasign.jar;C:\Program Files\Java\jdk1.8.0_131\jre\lib\jsse.jar;C:\Program Files\Java\jdk1.8.0_131\jre\lib\jce.jar;C:\Program Files\Java\jdk1.8.0_131\jre\lib\charsets.jar;C:\Program Files\Java\jdk1.8.0_131\jre\lib\jfr.jar;C:\Program Files\Java\jdk1.8.0_131\jre\classes"/>
    <property name="java.vendor" value="Oracle Corporation"/>
    <property name="maven.home" value="C:\Users\Anirudh\workspace\Evernote\EMBEDDED"/>
    <property name="file.separator" value="\"/>
    <property name="java.vendor.url.bug" value="http://bugreport.sun.com/bugreport/"/>
    <property name="sun.cpu.endian" value="little"/>
    <property name="sun.io.unicode.encoding" value="UnicodeLittle"/>
    <property name="sun.desktop" value="windows"/>
    <property name="sun.cpu.isalist" value="amd64"/>
  </properties>
  <testcase classname="| anirudh.s.nair@gmail.com | anirudh123$ |" name="Given User is on Login Page" time="0.163"/>
  <testcase classname="| anirudh.s.nair@gmail.com | anirudh123$ |" name="When User login to the system with anirudh.s.nair@gmail.com and anirudh123$" time="0"/>
  <testcase classname="| anirudh.s.nair@gmail.com | anirudh123$ |" name="Then Homepage should be displayed" time="0"/>
  <testcase classname="| anirudh.s.nair@gmail.com | anirudh123$ |" name="| anirudh.s.nair@gmail.com | anirudh123$ |" time="0.001"/>
  <testcase classname="| anirudh458@gmail.com | There is no account for the username or email you entered. |" name="Given User is on Login Page" time="0"/>
  <testcase classname="| anirudh458@gmail.com | There is no account for the username or email you entered. |" name="When User tries to login with a anirudh458@gmail.com" time="0"/>
  <testcase classname="| anirudh458@gmail.com | There is no account for the username or email you entered. |" name="Then Warning message There is no account for the username or email you entered. should be displayed" time="0"/>
  <testcase classname="| anirudh458@gmail.com | There is no account for the username or email you entered. |" name="| anirudh458@gmail.com | There is no account for the username or email you entered. |" time="0.002"/>
  <testcase classname="| anirudh.s.nair@gmail.com | anirudh857$ | Incorrect password. You modified your password in the past 24 hours. |" name="Given User is on Login Page" time="0"/>
  <testcase classname="| anirudh.s.nair@gmail.com | anirudh857$ | Incorrect password. You modified your password in the past 24 hours. |" name="When User login to the system with anirudh.s.nair@gmail.com and anirudh857$" time="0"/>
  <testcase classname="| anirudh.s.nair@gmail.com | anirudh857$ | Incorrect password. You modified your password in the past 24 hours. |" name="Then Warning message Incorrect password. You modified your password in the past 24 hours. should be displayed" time="0.001"/>
  <testcase classname="| anirudh.s.nair@gmail.com | anirudh857$ | Incorrect password. You modified your password in the past 24 hours. |" name="| anirudh.s.nair@gmail.com | anirudh857$ | Incorrect password. You modified your password in the past 24 hours. |" time="0.001"/>
  <testcase classname="Scenario: Warning message on leaving email as blank" name="Given User is on Login Page" time="0"/>
  <testcase classname="Scenario: Warning message on leaving email as blank" name="When User clicks on continue button without entering email" time="0"/>
  <testcase classname="Scenario: Warning message on leaving email as blank" name="Then Warning message should be displayed" time="0"/>
  <testcase classname="Scenario: Warning message on leaving email as blank" name="Scenario: Warning message on leaving email as blank" time="0"/>
  <testcase classname="| anirudh.s.nair@gmail.com | This is a required field. |" name="Given User is on Login Page" time="0"/>
  <testcase classname="| anirudh.s.nair@gmail.com | This is a required field. |" name="When User clicks on continue button by inputting anirudh.s.nair@gmail.com" time="0"/>
  <testcase classname="| anirudh.s.nair@gmail.com | This is a required field. |" name="And User clicks on Sign in button without entering password" time="0"/>
  <testcase classname="| anirudh.s.nair@gmail.com | This is a required field. |" name="Then Warning message This is a required field. should be displayed" time="0"/>
  <testcase classname="| anirudh.s.nair@gmail.com | This is a required field. |" name="| anirudh.s.nair@gmail.com | This is a required field. |" time="0"/>
  <testcase classname="| anirudh.s.nair@gmail.com | anirudh123$ |" name="Given User is on Login Page" time="0"/>
  <testcase classname="| anirudh.s.nair@gmail.com | anirudh123$ |" name="When User checks Remember me for 30 days while login to the system with anirudh.s.nair@gmail.com and anirudh123$" time="0"/>
  <testcase classname="| anirudh.s.nair@gmail.com | anirudh123$ |" name="And Clicks on Sign Out button" time="0"/>
  <testcase classname="| anirudh.s.nair@gmail.com | anirudh123$ |" name="And User is on Login Page" time="0"/>
  <testcase classname="| anirudh.s.nair@gmail.com | anirudh123$ |" name="Then anirudh.s.nair@gmail.com should be prefilled in email input field" time="0"/>
  <testcase classname="| anirudh.s.nair@gmail.com | anirudh123$ |" name="| anirudh.s.nair@gmail.com | anirudh123$ |" time="0"/>
  <testcase classname="| anirudh.s.nair@gmail.com | anirudh123$ |" name="Given User is on Login Page" time="0"/>
  <testcase classname="| anirudh.s.nair@gmail.com | anirudh123$ |" name="When User un-checks Remember me for 30 days while login to the system with anirudh.s.nair@gmail.com and anirudh123$" time="0"/>
  <testcase classname="| anirudh.s.nair@gmail.com | anirudh123$ |" name="And Clicks on Sign Out button" time="0"/>
  <testcase classname="| anirudh.s.nair@gmail.com | anirudh123$ |" name="And User is on Login Page" time="0.053">
    <error message="unknown error: failed to change window state to normal, current state is maximized
  (Session info: chrome=70.0.3538.110)
  (Driver info: chromedriver=2.40.565498 (ea082db3280dd6843ebfb08a625e3eb905c4f5ab),platform=Windows NT 10.0.16299 x86_64) (WARNING: The server did not provide any stacktrace information)
Command duration or timeout: 163 milliseconds
Build info: version: &apos;3.0.1&apos;, revision: &apos;1969d75&apos;, time: &apos;2016-10-18 09:49:13 -0700&apos;
System info: host: &apos;Machine&apos;, ip: &apos;192.168.42.52&apos;, os.name: &apos;Windows 10&apos;, os.arch: &apos;amd64&apos;, os.version: &apos;10.0&apos;, java.version: &apos;1.8.0_131&apos;
Driver info: org.openqa.selenium.chrome.ChromeDriver
Capabilities [{applicationCacheEnabled=false, rotatable=false, mobileEmulationEnabled=false, networkConnectionEnabled=false, chrome={chromedriverVersion=2.40.565498 (ea082db3280dd6843ebfb08a625e3eb905c4f5ab), userDataDir=C:\Users\Anirudh\AppData\Local\Temp\scoped_dir11084_13903}, takesHeapSnapshot=true, pageLoadStrategy=normal, databaseEnabled=false, handlesAlerts=true, hasTouchScreen=false, version=70.0.3538.110, platform=XP, browserConnectionEnabled=false, nativeEvents=true, acceptSslCerts=false, acceptInsecureCerts=false, locationContextEnabled=true, webStorageEnabled=true, browserName=chrome, takesScreenshot=true, javascriptEnabled=true, cssSelectorsEnabled=true, setWindowRect=true, unexpectedAlertBehaviour=}]
Session ID: 173debf2f6fa1caba9076a21588dc31d" type="org.openqa.selenium.WebDriverException">org.openqa.selenium.WebDriverException: unknown error: failed to change window state to normal, current state is maximized
  (Session info: chrome=70.0.3538.110)
  (Driver info: chromedriver=2.40.565498 (ea082db3280dd6843ebfb08a625e3eb905c4f5ab),platform=Windows NT 10.0.16299 x86_64) (WARNING: The server did not provide any stacktrace information)
Command duration or timeout: 163 milliseconds
Build info: version: &apos;3.0.1&apos;, revision: &apos;1969d75&apos;, time: &apos;2016-10-18 09:49:13 -0700&apos;
System info: host: &apos;Machine&apos;, ip: &apos;192.168.42.52&apos;, os.name: &apos;Windows 10&apos;, os.arch: &apos;amd64&apos;, os.version: &apos;10.0&apos;, java.version: &apos;1.8.0_131&apos;
Driver info: org.openqa.selenium.chrome.ChromeDriver
Capabilities [{applicationCacheEnabled=false, rotatable=false, mobileEmulationEnabled=false, networkConnectionEnabled=false, chrome={chromedriverVersion=2.40.565498 (ea082db3280dd6843ebfb08a625e3eb905c4f5ab), userDataDir=C:\Users\Anirudh\AppData\Local\Temp\scoped_dir11084_13903}, takesHeapSnapshot=true, pageLoadStrategy=normal, databaseEnabled=false, handlesAlerts=true, hasTouchScreen=false, version=70.0.3538.110, platform=XP, browserConnectionEnabled=false, nativeEvents=true, acceptSslCerts=false, acceptInsecureCerts=false, locationContextEnabled=true, webStorageEnabled=true, browserName=chrome, takesScreenshot=true, javascriptEnabled=true, cssSelectorsEnabled=true, setWindowRect=true, unexpectedAlertBehaviour=}]
Session ID: 173debf2f6fa1caba9076a21588dc31d
	at sun.reflect.NativeConstructorAccessorImpl.newInstance0(Native Method)
	at sun.reflect.NativeConstructorAccessorImpl.newInstance(NativeConstructorAccessorImpl.java:62)
	at sun.reflect.DelegatingConstructorAccessorImpl.newInstance(DelegatingConstructorAccessorImpl.java:45)
	at java.lang.reflect.Constructor.newInstance(Constructor.java:423)
	at org.openqa.selenium.remote.ErrorHandler.createThrowable(ErrorHandler.java:216)
	at org.openqa.selenium.remote.ErrorHandler.throwIfResponseFailed(ErrorHandler.java:168)
	at org.openqa.selenium.remote.RemoteWebDriver.execute(RemoteWebDriver.java:635)
	at org.openqa.selenium.remote.RemoteWebDriver.execute(RemoteWebDriver.java:658)
	at org.openqa.selenium.remote.RemoteWebDriver$RemoteWebDriverOptions$RemoteWindow.maximize(RemoteWebDriver.java:882)
	at com.evernote.page.LoginPage.initialLaunch(LoginPage.java:27)
	at com.evernote.stepdefinitions.LoginStepDefinitions.user_is_on_Login_Page(LoginStepDefinitions.java:12)
	at ✽.And User is on Login Page(Login.feature:56)
</error>
  </testcase>
  <testcase classname="| anirudh.s.nair@gmail.com | anirudh123$ |" name="| anirudh.s.nair@gmail.com | anirudh123$ |" time="0.054">
    <error message="unknown error: failed to change window state to normal, current state is maximized
  (Session info: chrome=70.0.3538.110)
  (Driver info: chromedriver=2.40.565498 (ea082db3280dd6843ebfb08a625e3eb905c4f5ab),platform=Windows NT 10.0.16299 x86_64) (WARNING: The server did not provide any stacktrace information)
Command duration or timeout: 163 milliseconds
Build info: version: &apos;3.0.1&apos;, revision: &apos;1969d75&apos;, time: &apos;2016-10-18 09:49:13 -0700&apos;
System info: host: &apos;Machine&apos;, ip: &apos;192.168.42.52&apos;, os.name: &apos;Windows 10&apos;, os.arch: &apos;amd64&apos;, os.version: &apos;10.0&apos;, java.version: &apos;1.8.0_131&apos;
Driver info: org.openqa.selenium.chrome.ChromeDriver
Capabilities [{applicationCacheEnabled=false, rotatable=false, mobileEmulationEnabled=false, networkConnectionEnabled=false, chrome={chromedriverVersion=2.40.565498 (ea082db3280dd6843ebfb08a625e3eb905c4f5ab), userDataDir=C:\Users\Anirudh\AppData\Local\Temp\scoped_dir11084_13903}, takesHeapSnapshot=true, pageLoadStrategy=normal, databaseEnabled=false, handlesAlerts=true, hasTouchScreen=false, version=70.0.3538.110, platform=XP, browserConnectionEnabled=false, nativeEvents=true, acceptSslCerts=false, acceptInsecureCerts=false, locationContextEnabled=true, webStorageEnabled=true, browserName=chrome, takesScreenshot=true, javascriptEnabled=true, cssSelectorsEnabled=true, setWindowRect=true, unexpectedAlertBehaviour=}]
Session ID: 173debf2f6fa1caba9076a21588dc31d" type="org.openqa.selenium.WebDriverException">org.openqa.selenium.WebDriverException: unknown error: failed to change window state to normal, current state is maximized
  (Session info: chrome=70.0.3538.110)
  (Driver info: chromedriver=2.40.565498 (ea082db3280dd6843ebfb08a625e3eb905c4f5ab),platform=Windows NT 10.0.16299 x86_64) (WARNING: The server did not provide any stacktrace information)
Command duration or timeout: 163 milliseconds
Build info: version: &apos;3.0.1&apos;, revision: &apos;1969d75&apos;, time: &apos;2016-10-18 09:49:13 -0700&apos;
System info: host: &apos;Machine&apos;, ip: &apos;192.168.42.52&apos;, os.name: &apos;Windows 10&apos;, os.arch: &apos;amd64&apos;, os.version: &apos;10.0&apos;, java.version: &apos;1.8.0_131&apos;
Driver info: org.openqa.selenium.chrome.ChromeDriver
Capabilities [{applicationCacheEnabled=false, rotatable=false, mobileEmulationEnabled=false, networkConnectionEnabled=false, chrome={chromedriverVersion=2.40.565498 (ea082db3280dd6843ebfb08a625e3eb905c4f5ab), userDataDir=C:\Users\Anirudh\AppData\Local\Temp\scoped_dir11084_13903}, takesHeapSnapshot=true, pageLoadStrategy=normal, databaseEnabled=false, handlesAlerts=true, hasTouchScreen=false, version=70.0.3538.110, platform=XP, browserConnectionEnabled=false, nativeEvents=true, acceptSslCerts=false, acceptInsecureCerts=false, locationContextEnabled=true, webStorageEnabled=true, browserName=chrome, takesScreenshot=true, javascriptEnabled=true, cssSelectorsEnabled=true, setWindowRect=true, unexpectedAlertBehaviour=}]
Session ID: 173debf2f6fa1caba9076a21588dc31d
	at sun.reflect.NativeConstructorAccessorImpl.newInstance0(Native Method)
	at sun.reflect.NativeConstructorAccessorImpl.newInstance(NativeConstructorAccessorImpl.java:62)
	at sun.reflect.DelegatingConstructorAccessorImpl.newInstance(DelegatingConstructorAccessorImpl.java:45)
	at java.lang.reflect.Constructor.newInstance(Constructor.java:423)
	at org.openqa.selenium.remote.ErrorHandler.createThrowable(ErrorHandler.java:216)
	at org.openqa.selenium.remote.ErrorHandler.throwIfResponseFailed(ErrorHandler.java:168)
	at org.openqa.selenium.remote.RemoteWebDriver.execute(RemoteWebDriver.java:635)
	at org.openqa.selenium.remote.RemoteWebDriver.execute(RemoteWebDriver.java:658)
	at org.openqa.selenium.remote.RemoteWebDriver$RemoteWebDriverOptions$RemoteWindow.maximize(RemoteWebDriver.java:882)
	at com.evernote.page.LoginPage.initialLaunch(LoginPage.java:27)
	at com.evernote.stepdefinitions.LoginStepDefinitions.user_is_on_Login_Page(LoginStepDefinitions.java:12)
	at ✽.And User is on Login Page(Login.feature:56)
</error>
  </testcase>
  <testcase classname="| anirudh.s.nair@gmail.com | anirudh123$ |" name="Then anirudh.s.nair@gmail.com should be cleared in email input field" time="0.054">
    <skipped/>
  </testcase>
  <testcase classname="| anirudh.s.nair@gmail.com | anirudh123$ | sample title | sample body |" name="Given User is logged into the system with anirudh.s.nair@gmail.com and anirudh123$" time="0"/>
  <testcase classname="| anirudh.s.nair@gmail.com | anirudh123$ | sample title | sample body |" name="When A note is created with sample title and sample body" time="0"/>
  <testcase classname="| anirudh.s.nair@gmail.com | anirudh123$ | sample title | sample body |" name="And Logout from Evernote" time="0"/>
  <testcase classname="| anirudh.s.nair@gmail.com | anirudh123$ | sample title | sample body |" name="And User is logged into the system with anirudh.s.nair@gmail.com and anirudh123$" time="0"/>
  <testcase classname="| anirudh.s.nair@gmail.com | anirudh123$ | sample title | sample body |" name="Then Created note should be available in the notes list with sample title and sample body" time="0"/>
  <testcase classname="| anirudh.s.nair@gmail.com | anirudh123$ | sample title | sample body |" name="| anirudh.s.nair@gmail.com | anirudh123$ | sample title | sample body |" time="0.001"/>
</testsuite>